<?xml version="1.0" encoding="UTF-8"?>
<coverage generated="1767294203872" clover="3.2.0">
  <project timestamp="1767294203872" name="All files">
    <metrics statements="232" coveredstatements="205" conditionals="119" coveredconditionals="91" methods="32" coveredmethods="31" elements="383" coveredelements="327" complexity="0" loc="232" ncloc="232" packages="1" files="1" classes="1"/>
    <file name="fileManager.ts" path="/home/chenchen/code/harmony-extension/src/utils/fileManager.ts">
      <metrics statements="232" coveredstatements="205" conditionals="119" coveredconditionals="91" methods="32" coveredmethods="31"/>
      <line num="2" count="1" type="stmt"/>
      <line num="3" count="1" type="stmt"/>
      <line num="4" count="1" type="stmt"/>
      <line num="51" count="1" type="stmt"/>
      <line num="55" count="31" type="stmt"/>
      <line num="56" count="31" type="stmt"/>
      <line num="60" count="31" type="stmt"/>
      <line num="61" count="31" type="cond" truecount="4" falsecount="0"/>
      <line num="62" count="29" type="stmt"/>
      <line num="66" count="31" type="stmt"/>
      <line num="67" count="31" type="stmt"/>
      <line num="79" count="16" type="cond" truecount="2" falsecount="0"/>
      <line num="80" count="1" type="stmt"/>
      <line num="83" count="15" type="cond" truecount="2" falsecount="0"/>
      <line num="84" count="15" type="cond" truecount="2" falsecount="0"/>
      <line num="104" count="15" type="stmt"/>
      <line num="106" count="15" type="stmt"/>
      <line num="107" count="15" type="stmt"/>
      <line num="108" count="15" type="stmt"/>
      <line num="109" count="15" type="stmt"/>
      <line num="111" count="15" type="stmt"/>
      <line num="112" count="35" type="stmt"/>
      <line num="113" count="398" type="stmt"/>
      <line num="116" count="15" type="cond" truecount="1" falsecount="0"/>
      <line num="117" count="18" type="stmt"/>
      <line num="118" count="18" type="stmt"/>
      <line num="120" count="17" type="stmt"/>
      <line num="121" count="36" type="cond" truecount="4" falsecount="0"/>
      <line num="122" count="1" type="stmt"/>
      <line num="125" count="35" type="stmt"/>
      <line num="126" count="35" type="cond" truecount="2" falsecount="0"/>
      <line num="128" count="35" type="cond" truecount="2" falsecount="0"/>
      <line num="129" count="1" type="stmt"/>
      <line num="132" count="34" type="cond" truecount="2" falsecount="0"/>
      <line num="133" count="3" type="stmt"/>
      <line num="134" count="3" type="cond" truecount="2" falsecount="0"/>
      <line num="135" count="3" type="stmt"/>
      <line num="136" count="31" type="cond" truecount="1" falsecount="1"/>
      <line num="137" count="31" type="stmt"/>
      <line num="138" count="31" type="stmt"/>
      <line num="139" count="31" type="cond" truecount="1" falsecount="1"/>
      <line num="141" count="31" type="stmt"/>
      <line num="148" count="31" type="cond" truecount="2" falsecount="0"/>
      <line num="150" count="31" type="cond" truecount="2" falsecount="0"/>
      <line num="151" count="30" type="stmt"/>
      <line num="155" count="0" type="stmt"/>
      <line num="160" count="1" type="stmt"/>
      <line num="164" count="15" type="stmt"/>
      <line num="167" count="15" type="stmt"/>
      <line num="169" count="15" type="stmt"/>
      <line num="180" count="15" type="stmt"/>
      <line num="189" count="16" type="cond" truecount="2" falsecount="0"/>
      <line num="190" count="11" type="stmt"/>
      <line num="191" count="11" type="cond" truecount="1" falsecount="1"/>
      <line num="192" count="11" type="stmt"/>
      <line num="197" count="5" type="stmt"/>
      <line num="205" count="2" type="cond" truecount="2" falsecount="0"/>
      <line num="206" count="2" type="cond" truecount="2" falsecount="0"/>
      <line num="207" count="1" type="stmt"/>
      <line num="210" count="1" type="stmt"/>
      <line num="212" count="1" type="stmt"/>
      <line num="213" count="1" type="stmt"/>
      <line num="215" count="2" type="stmt"/>
      <line num="218" count="1" type="stmt"/>
      <line num="220" count="1" type="cond" truecount="1" falsecount="1"/>
      <line num="223" count="1" type="stmt"/>
      <line num="225" count="2" type="stmt"/>
      <line num="228" count="1" type="stmt"/>
      <line num="255" count="14" type="stmt"/>
      <line num="256" count="14" type="cond" truecount="2" falsecount="0"/>
      <line num="257" count="14" type="cond" truecount="2" falsecount="0"/>
      <line num="258" count="14" type="cond" truecount="2" falsecount="0"/>
      <line num="261" count="14" type="stmt"/>
      <line num="262" count="30" type="stmt"/>
      <line num="265" count="14" type="stmt"/>
      <line num="268" count="14" type="stmt"/>
      <line num="269" count="14" type="stmt"/>
      <line num="270" count="14" type="stmt"/>
      <line num="271" count="7" type="stmt"/>
      <line num="272" count="7" type="stmt"/>
      <line num="276" count="14" type="stmt"/>
      <line num="277" count="14" type="stmt"/>
      <line num="279" count="14" type="stmt"/>
      <line num="280" count="7" type="cond" truecount="1" falsecount="1"/>
      <line num="281" count="7" type="stmt"/>
      <line num="283" count="0" type="stmt"/>
      <line num="288" count="14" type="cond" truecount="4" falsecount="0"/>
      <line num="289" count="6" type="stmt"/>
      <line num="293" count="14" type="stmt"/>
      <line num="294" count="12" type="stmt"/>
      <line num="295" count="7" type="cond" truecount="1" falsecount="1"/>
      <line num="297" count="12" type="stmt"/>
      <line num="300" count="7" type="stmt"/>
      <line num="304" count="14" type="stmt"/>
      <line num="306" count="14" type="stmt"/>
      <line num="323" count="14" type="stmt"/>
      <line num="326" count="14" type="stmt"/>
      <line num="328" count="14" type="stmt"/>
      <line num="329" count="1" type="stmt"/>
      <line num="333" count="14" type="stmt"/>
      <line num="334" count="14" type="stmt"/>
      <line num="336" count="14" type="stmt"/>
      <line num="338" count="30" type="stmt"/>
      <line num="340" count="30" type="cond" truecount="2" falsecount="0"/>
      <line num="341" count="11" type="stmt"/>
      <line num="346" count="14" type="stmt"/>
      <line num="355" count="14" type="stmt"/>
      <line num="357" count="84" type="stmt"/>
      <line num="358" count="5" type="stmt"/>
      <line num="363" count="14" type="stmt"/>
      <line num="364" count="14" type="stmt"/>
      <line num="366" count="12" type="cond" truecount="1" falsecount="1"/>
      <line num="367" count="0" type="stmt"/>
      <line num="372" count="17" type="stmt"/>
      <line num="382" count="14" type="cond" truecount="1" falsecount="1"/>
      <line num="383" count="0" type="stmt"/>
      <line num="386" count="14" type="cond" truecount="1" falsecount="1"/>
      <line num="387" count="14" type="stmt"/>
      <line num="390" count="14" type="stmt"/>
      <line num="392" count="14" type="stmt"/>
      <line num="394" count="12" type="stmt"/>
      <line num="395" count="12" type="cond" truecount="2" falsecount="0"/>
      <line num="396" count="2" type="stmt"/>
      <line num="397" count="2" type="stmt"/>
      <line num="400" count="10" type="stmt"/>
      <line num="401" count="10" type="stmt"/>
      <line num="402" count="10" type="stmt"/>
      <line num="405" count="10" type="stmt"/>
      <line num="406" count="5" type="stmt"/>
      <line num="407" count="5" type="stmt"/>
      <line num="409" count="5" type="stmt"/>
      <line num="410" count="5" type="stmt"/>
      <line num="413" count="5" type="cond" truecount="2" falsecount="2"/>
      <line num="414" count="5" type="stmt"/>
      <line num="415" count="5" type="stmt"/>
      <line num="418" count="0" type="cond" truecount="0" falsecount="4"/>
      <line num="419" count="0" type="stmt"/>
      <line num="420" count="0" type="stmt"/>
      <line num="423" count="0" type="cond" truecount="0" falsecount="2"/>
      <line num="424" count="0" type="stmt"/>
      <line num="425" count="0" type="stmt"/>
      <line num="428" count="0" type="cond" truecount="0" falsecount="2"/>
      <line num="429" count="0" type="stmt"/>
      <line num="430" count="0" type="stmt"/>
      <line num="432" count="0" type="stmt"/>
      <line num="435" count="5" type="stmt"/>
      <line num="436" count="5" type="stmt"/>
      <line num="437" count="5" type="stmt"/>
      <line num="439" count="5" type="stmt"/>
      <line num="453" count="0" type="stmt"/>
      <line num="458" count="10" type="stmt"/>
      <line num="459" count="0" type="stmt"/>
      <line num="460" count="0" type="stmt"/>
      <line num="461" count="0" type="cond" truecount="0" falsecount="2"/>
      <line num="463" count="0" type="stmt"/>
      <line num="464" count="0" type="stmt"/>
      <line num="468" count="10" type="stmt"/>
      <line num="470" count="10" type="stmt"/>
      <line num="474" count="14" type="stmt"/>
      <line num="475" count="7" type="stmt"/>
      <line num="478" count="14" type="stmt"/>
      <line num="485" count="6" type="stmt"/>
      <line num="486" count="6" type="cond" truecount="4" falsecount="0"/>
      <line num="487" count="2" type="stmt"/>
      <line num="491" count="4" type="stmt"/>
      <line num="492" count="4" type="stmt"/>
      <line num="493" count="4" type="cond" truecount="1" falsecount="1"/>
      <line num="494" count="0" type="stmt"/>
      <line num="495" count="0" type="cond" truecount="0" falsecount="2"/>
      <line num="496" count="0" type="stmt"/>
      <line num="497" count="0" type="stmt"/>
      <line num="501" count="4" type="stmt"/>
      <line num="503" count="4" type="stmt"/>
      <line num="504" count="4" type="cond" truecount="1" falsecount="1"/>
      <line num="505" count="0" type="stmt"/>
      <line num="506" count="0" type="stmt"/>
      <line num="509" count="4" type="stmt"/>
      <line num="510" count="3" type="stmt"/>
      <line num="513" count="3" type="stmt"/>
      <line num="518" count="1" type="stmt"/>
      <line num="522" count="6" type="stmt"/>
      <line num="533" count="5" type="cond" truecount="4" falsecount="0"/>
      <line num="534" count="1" type="stmt"/>
      <line num="537" count="4" type="stmt"/>
      <line num="538" count="4" type="stmt"/>
      <line num="539" count="4" type="stmt"/>
      <line num="542" count="4" type="cond" truecount="2" falsecount="0"/>
      <line num="543" count="3" type="stmt"/>
      <line num="544" count="3" type="stmt"/>
      <line num="545" count="3" type="stmt"/>
      <line num="547" count="3" type="cond" truecount="2" falsecount="0"/>
      <line num="548" count="2" type="cond" truecount="1" falsecount="1"/>
      <line num="549" count="2" type="stmt"/>
      <line num="551" count="2" type="cond" truecount="1" falsecount="1"/>
      <line num="552" count="2" type="stmt"/>
      <line num="556" count="3" type="cond" truecount="2" falsecount="0"/>
      <line num="557" count="2" type="stmt"/>
      <line num="560" count="2" type="stmt"/>
      <line num="561" count="2" type="cond" truecount="2" falsecount="0"/>
      <line num="562" count="1" type="stmt"/>
      <line num="563" count="1" type="stmt"/>
      <line num="565" count="1" type="stmt"/>
      <line num="568" count="2" type="stmt"/>
      <line num="571" count="3" type="stmt"/>
      <line num="576" count="4" type="cond" truecount="2" falsecount="0"/>
      <line num="577" count="1" type="stmt"/>
      <line num="578" count="1" type="stmt"/>
      <line num="579" count="2" type="stmt"/>
      <line num="581" count="1" type="stmt"/>
      <line num="582" count="1" type="stmt"/>
      <line num="585" count="4" type="stmt"/>
      <line num="586" count="4" type="stmt"/>
      <line num="587" count="4" type="stmt"/>
      <line num="590" count="4" type="cond" truecount="2" falsecount="0"/>
      <line num="591" count="1" type="stmt"/>
      <line num="592" count="1" type="stmt"/>
      <line num="593" count="1" type="stmt"/>
      <line num="594" count="1" type="stmt"/>
      <line num="595" count="1" type="stmt"/>
      <line num="596" count="1" type="stmt"/>
      <line num="597" count="1" type="stmt"/>
      <line num="601" count="4" type="stmt"/>
      <line num="612" count="3" type="cond" truecount="2" falsecount="0"/>
      <line num="613" count="1" type="stmt"/>
      <line num="616" count="3" type="stmt"/>
      <line num="618" count="2" type="cond" truecount="2" falsecount="0"/>
      <line num="619" count="1" type="stmt"/>
      <line num="621" count="1" type="stmt"/>
      <line num="634" count="3" type="stmt"/>
      <line num="641" count="2" type="cond" truecount="2" falsecount="0"/>
      <line num="642" count="1" type="cond" truecount="1" falsecount="1"/>
      <line num="643" count="0" type="stmt"/>
    </file>
  </project>
</coverage>
