{"/home/chenchen/code/harmony-extension/src/utils/fileManager.ts": {"path":"/home/chenchen/code/harmony-extension/src/utils/fileManager.ts","statementMap":{"0":{"start":{"line":2,"column":0},"end":{"line":2,"column":33}},"1":{"start":{"line":3,"column":0},"end":{"line":3,"column":29}},"2":{"start":{"line":4,"column":0},"end":{"line":4,"column":25}},"3":{"start":{"line":55,"column":10},"end":{"line":55,"column":59}},"4":{"start":{"line":56,"column":19},"end":{"line":56,"column":45}},"5":{"start":{"line":60,"column":29},"end":{"line":60,"column":62}},"6":{"start":{"line":61,"column":4},"end":{"line":63,"column":5}},"7":{"start":{"line":62,"column":6},"end":{"line":62,"column":58}},"8":{"start":{"line":66,"column":4},"end":{"line":66,"column":31}},"9":{"start":{"line":67,"column":4},"end":{"line":67,"column":33}},"10":{"start":{"line":79,"column":4},"end":{"line":81,"column":5}},"11":{"start":{"line":80,"column":6},"end":{"line":80,"column":53}},"12":{"start":{"line":83,"column":26},"end":{"line":83,"column":57}},"13":{"start":{"line":84,"column":28},"end":{"line":97,"column":6}},"14":{"start":{"line":104,"column":9},"end":{"line":104,"column":11}},"15":{"start":{"line":106,"column":34},"end":{"line":106,"column":36}},"16":{"start":{"line":107,"column":22},"end":{"line":107,"column":47}},"17":{"start":{"line":108,"column":32},"end":{"line":108,"column":34}},"18":{"start":{"line":109,"column":30},"end":{"line":109,"column":47}},"19":{"start":{"line":111,"column":26},"end":{"line":114,"column":5}},"20":{"start":{"line":112,"column":29},"end":{"line":112,"column":61}},"21":{"start":{"line":113,"column":6},"end":{"line":113,"column":79}},"22":{"start":{"line":113,"column":45},"end":{"line":113,"column":77}},"23":{"start":{"line":116,"column":25},"end":{"line":162,"column":5}},"24":{"start":{"line":117,"column":6},"end":{"line":161,"column":7}},"25":{"start":{"line":118,"column":24},"end":{"line":118,"column":83}},"26":{"start":{"line":120,"column":8},"end":{"line":158,"column":9}},"27":{"start":{"line":121,"column":10},"end":{"line":123,"column":11}},"28":{"start":{"line":122,"column":12},"end":{"line":122,"column":21}},"29":{"start":{"line":125,"column":27},"end":{"line":125,"column":57}},"30":{"start":{"line":126,"column":31},"end":{"line":126,"column":92}},"31":{"start":{"line":128,"column":10},"end":{"line":130,"column":11}},"32":{"start":{"line":129,"column":12},"end":{"line":129,"column":21}},"33":{"start":{"line":132,"column":10},"end":{"line":157,"column":11}},"34":{"start":{"line":133,"column":12},"end":{"line":133,"column":43}},"35":{"start":{"line":134,"column":12},"end":{"line":134,"column":61}},"36":{"start":{"line":135,"column":12},"end":{"line":135,"column":55}},"37":{"start":{"line":136,"column":17},"end":{"line":157,"column":11}},"38":{"start":{"line":137,"column":12},"end":{"line":156,"column":13}},"39":{"start":{"line":138,"column":28},"end":{"line":138,"column":60}},"40":{"start":{"line":139,"column":26},"end":{"line":139,"column":70}},"41":{"start":{"line":141,"column":14},"end":{"line":146,"column":17}},"42":{"start":{"line":148,"column":14},"end":{"line":148,"column":64}},"43":{"start":{"line":150,"column":14},"end":{"line":152,"column":15}},"44":{"start":{"line":151,"column":16},"end":{"line":151,"column":43}},"45":{"start":{"line":155,"column":14},"end":{"line":155,"column":84}},"46":{"start":{"line":160,"column":8},"end":{"line":160,"column":82}},"47":{"start":{"line":164,"column":4},"end":{"line":164,"column":43}},"48":{"start":{"line":167,"column":27},"end":{"line":167,"column":58}},"49":{"start":{"line":169,"column":4},"end":{"line":178,"column":6}},"50":{"start":{"line":180,"column":4},"end":{"line":180,"column":31}},"51":{"start":{"line":189,"column":4},"end":{"line":194,"column":5}},"52":{"start":{"line":190,"column":18},"end":{"line":190,"column":72}},"53":{"start":{"line":191,"column":6},"end":{"line":193,"column":7}},"54":{"start":{"line":192,"column":8},"end":{"line":192,"column":35}},"55":{"start":{"line":197,"column":4},"end":{"line":197,"column":44}},"56":{"start":{"line":205,"column":16},"end":{"line":205,"column":44}},"57":{"start":{"line":206,"column":4},"end":{"line":208,"column":5}},"58":{"start":{"line":207,"column":6},"end":{"line":207,"column":49}},"59":{"start":{"line":210,"column":25},"end":{"line":210,"column":80}},"60":{"start":{"line":212,"column":28},"end":{"line":216,"column":17}},"61":{"start":{"line":213,"column":22},"end":{"line":213,"column":33}},"62":{"start":{"line":215,"column":29},"end":{"line":215,"column":59}},"63":{"start":{"line":218,"column":23},"end":{"line":221,"column":17}},"64":{"start":{"line":220,"column":18},"end":{"line":220,"column":40}},"65":{"start":{"line":223,"column":29},"end":{"line":226,"column":17}},"66":{"start":{"line":225,"column":19},"end":{"line":225,"column":32}},"67":{"start":{"line":228,"column":4},"end":{"line":239,"column":21}},"68":{"start":{"line":255,"column":22},"end":{"line":255,"column":32}},"69":{"start":{"line":256,"column":27},"end":{"line":256,"column":58}},"70":{"start":{"line":257,"column":21},"end":{"line":257,"column":44}},"71":{"start":{"line":258,"column":32},"end":{"line":258,"column":72}},"72":{"start":{"line":261,"column":21},"end":{"line":261,"column":57}},"73":{"start":{"line":262,"column":24},"end":{"line":262,"column":80}},"74":{"start":{"line":262,"column":63},"end":{"line":262,"column":79}},"75":{"start":{"line":265,"column":25},"end":{"line":265,"column":87}},"76":{"start":{"line":268,"column":29},"end":{"line":268,"column":59}},"77":{"start":{"line":269,"column":27},"end":{"line":269,"column":64}},"78":{"start":{"line":270,"column":26},"end":{"line":273,"column":6}},"79":{"start":{"line":271,"column":24},"end":{"line":271,"column":57}},"80":{"start":{"line":272,"column":6},"end":{"line":272,"column":41}},"81":{"start":{"line":276,"column":43},"end":{"line":276,"column":45}},"82":{"start":{"line":277,"column":46},"end":{"line":277,"column":48}},"83":{"start":{"line":279,"column":4},"end":{"line":285,"column":5}},"84":{"start":{"line":280,"column":6},"end":{"line":284,"column":7}},"85":{"start":{"line":281,"column":8},"end":{"line":281,"column":33}},"86":{"start":{"line":283,"column":8},"end":{"line":283,"column":36}},"87":{"start":{"line":288,"column":4},"end":{"line":290,"column":5}},"88":{"start":{"line":289,"column":6},"end":{"line":289,"column":49}},"89":{"start":{"line":293,"column":26},"end":{"line":302,"column":6}},"90":{"start":{"line":294,"column":22},"end":{"line":295,"column":null}},"91":{"start":{"line":295,"column":8},"end":{"line":295,"column":68}},"92":{"start":{"line":297,"column":6},"end":{"line":301,"column":8}},"93":{"start":{"line":300,"column":44},"end":{"line":300,"column":58}},"94":{"start":{"line":304,"column":27},"end":{"line":304,"column":49}},"95":{"start":{"line":306,"column":4},"end":{"line":315,"column":6}},"96":{"start":{"line":323,"column":31},"end":{"line":323,"column":33}},"97":{"start":{"line":326,"column":26},"end":{"line":326,"column":53}},"98":{"start":{"line":328,"column":4},"end":{"line":330,"column":5}},"99":{"start":{"line":329,"column":6},"end":{"line":329,"column":30}},"100":{"start":{"line":333,"column":19},"end":{"line":333,"column":37}},"101":{"start":{"line":334,"column":29},"end":{"line":334,"column":359}},"102":{"start":{"line":336,"column":4},"end":{"line":343,"column":5}},"103":{"start":{"line":338,"column":22},"end":{"line":338,"column":81}},"104":{"start":{"line":340,"column":6},"end":{"line":342,"column":7}},"105":{"start":{"line":341,"column":8},"end":{"line":341,"column":31}},"106":{"start":{"line":346,"column":27},"end":{"line":353,"column":6}},"107":{"start":{"line":355,"column":4},"end":{"line":360,"column":5}},"108":{"start":{"line":357,"column":6},"end":{"line":359,"column":7}},"109":{"start":{"line":358,"column":8},"end":{"line":358,"column":32}},"110":{"start":{"line":363,"column":34},"end":{"line":363,"column":73}},"111":{"start":{"line":364,"column":4},"end":{"line":369,"column":5}},"112":{"start":{"line":366,"column":6},"end":{"line":368,"column":7}},"113":{"start":{"line":367,"column":8},"end":{"line":367,"column":32}},"114":{"start":{"line":372,"column":4},"end":{"line":372,"column":67}},"115":{"start":{"line":372,"column":51},"end":{"line":372,"column":63}},"116":{"start":{"line":382,"column":4},"end":{"line":384,"column":5}},"117":{"start":{"line":383,"column":6},"end":{"line":383,"column":16}},"118":{"start":{"line":386,"column":23},"end":{"line":386,"column":48}},"119":{"start":{"line":387,"column":37},"end":{"line":387,"column":39}},"120":{"start":{"line":390,"column":18},"end":{"line":390,"column":48}},"121":{"start":{"line":392,"column":4},"end":{"line":471,"column":5}},"122":{"start":{"line":394,"column":23},"end":{"line":394,"column":43}},"123":{"start":{"line":395,"column":6},"end":{"line":398,"column":7}},"124":{"start":{"line":396,"column":8},"end":{"line":396,"column":57}},"125":{"start":{"line":397,"column":8},"end":{"line":397,"column":17}},"126":{"start":{"line":400,"column":39},"end":{"line":400,"column":41}},"127":{"start":{"line":401,"column":27},"end":{"line":401,"column":48}},"128":{"start":{"line":402,"column":25},"end":{"line":402,"column":32}},"129":{"start":{"line":405,"column":6},"end":{"line":455,"column":7}},"130":{"start":{"line":406,"column":25},"end":{"line":406,"column":71}},"131":{"start":{"line":407,"column":34},"end":{"line":407,"column":65}},"132":{"start":{"line":409,"column":52},"end":{"line":409,"column":57}},"133":{"start":{"line":410,"column":57},"end":{"line":410,"column":66}},"134":{"start":{"line":413,"column":8},"end":{"line":433,"column":9}},"135":{"start":{"line":414,"column":10},"end":{"line":414,"column":30}},"136":{"start":{"line":415,"column":10},"end":{"line":415,"column":30}},"137":{"start":{"line":418,"column":13},"end":{"line":433,"column":9}},"138":{"start":{"line":419,"column":10},"end":{"line":419,"column":30}},"139":{"start":{"line":420,"column":10},"end":{"line":420,"column":30}},"140":{"start":{"line":423,"column":13},"end":{"line":433,"column":9}},"141":{"start":{"line":424,"column":10},"end":{"line":424,"column":32}},"142":{"start":{"line":425,"column":10},"end":{"line":425,"column":32}},"143":{"start":{"line":428,"column":13},"end":{"line":433,"column":9}},"144":{"start":{"line":429,"column":10},"end":{"line":429,"column":29}},"145":{"start":{"line":430,"column":10},"end":{"line":430,"column":32}},"146":{"start":{"line":432,"column":10},"end":{"line":432,"column":19}},"147":{"start":{"line":435,"column":8},"end":{"line":454,"column":9}},"148":{"start":{"line":436,"column":31},"end":{"line":436,"column":82}},"149":{"start":{"line":437,"column":24},"end":{"line":437,"column":60}},"150":{"start":{"line":439,"column":10},"end":{"line":450,"column":13}},"151":{"start":{"line":453,"column":10},"end":{"line":453,"column":91}},"152":{"start":{"line":458,"column":6},"end":{"line":465,"column":9}},"153":{"start":{"line":459,"column":32},"end":{"line":459,"column":62}},"154":{"start":{"line":460,"column":25},"end":{"line":460,"column":86}},"155":{"start":{"line":461,"column":8},"end":{"line":461,"column":44}},"156":{"start":{"line":461,"column":28},"end":{"line":461,"column":44}},"157":{"start":{"line":463,"column":27},"end":{"line":463,"column":63}},"158":{"start":{"line":464,"column":8},"end":{"line":464,"column":65}},"159":{"start":{"line":468,"column":6},"end":{"line":468,"column":46}},"160":{"start":{"line":470,"column":6},"end":{"line":470,"column":31}},"161":{"start":{"line":474,"column":26},"end":{"line":476,"column":26}},"162":{"start":{"line":475,"column":31},"end":{"line":475,"column":42}},"163":{"start":{"line":478,"column":4},"end":{"line":478,"column":25}},"164":{"start":{"line":485,"column":4},"end":{"line":520,"column":5}},"165":{"start":{"line":486,"column":6},"end":{"line":488,"column":7}},"166":{"start":{"line":487,"column":8},"end":{"line":487,"column":17}},"167":{"start":{"line":491,"column":23},"end":{"line":491,"column":32}},"168":{"start":{"line":492,"column":21},"end":{"line":492,"column":49}},"169":{"start":{"line":493,"column":6},"end":{"line":499,"column":7}},"170":{"start":{"line":494,"column":20},"end":{"line":494,"column":49}},"171":{"start":{"line":495,"column":8},"end":{"line":498,"column":9}},"172":{"start":{"line":496,"column":10},"end":{"line":496,"column":40}},"173":{"start":{"line":497,"column":10},"end":{"line":497,"column":19}},"174":{"start":{"line":501,"column":6},"end":{"line":519,"column":7}},"175":{"start":{"line":503,"column":22},"end":{"line":503,"column":55}},"176":{"start":{"line":504,"column":8},"end":{"line":507,"column":9}},"177":{"start":{"line":505,"column":10},"end":{"line":505,"column":107}},"178":{"start":{"line":506,"column":10},"end":{"line":506,"column":19}},"179":{"start":{"line":509,"column":24},"end":{"line":509,"column":70}},"180":{"start":{"line":510,"column":8},"end":{"line":510,"column":31}},"181":{"start":{"line":513,"column":8},"end":{"line":516,"column":11}},"182":{"start":{"line":518,"column":8},"end":{"line":518,"column":87}},"183":{"start":{"line":522,"column":4},"end":{"line":522,"column":17}},"184":{"start":{"line":533,"column":4},"end":{"line":535,"column":5}},"185":{"start":{"line":534,"column":6},"end":{"line":534,"column":16}},"186":{"start":{"line":537,"column":20},"end":{"line":537,"column":50}},"187":{"start":{"line":538,"column":4},"end":{"line":538,"column":46}},"188":{"start":{"line":539,"column":4},"end":{"line":539,"column":41}},"189":{"start":{"line":542,"column":4},"end":{"line":573,"column":5}},"190":{"start":{"line":543,"column":6},"end":{"line":572,"column":9}},"191":{"start":{"line":544,"column":8},"end":{"line":544,"column":68}},"192":{"start":{"line":545,"column":8},"end":{"line":545,"column":104}},"193":{"start":{"line":547,"column":8},"end":{"line":554,"column":9}},"194":{"start":{"line":548,"column":10},"end":{"line":550,"column":11}},"195":{"start":{"line":549,"column":12},"end":{"line":549,"column":74}},"196":{"start":{"line":551,"column":10},"end":{"line":553,"column":11}},"197":{"start":{"line":552,"column":12},"end":{"line":552,"column":67}},"198":{"start":{"line":556,"column":8},"end":{"line":569,"column":9}},"199":{"start":{"line":557,"column":10},"end":{"line":557,"column":33}},"200":{"start":{"line":560,"column":28},"end":{"line":560,"column":33}},"201":{"start":{"line":561,"column":10},"end":{"line":566,"column":11}},"202":{"start":{"line":562,"column":12},"end":{"line":562,"column":62}},"203":{"start":{"line":563,"column":12},"end":{"line":563,"column":108}},"204":{"start":{"line":565,"column":12},"end":{"line":565,"column":38}},"205":{"start":{"line":568,"column":10},"end":{"line":568,"column":33}},"206":{"start":{"line":571,"column":8},"end":{"line":571,"column":52}},"207":{"start":{"line":576,"column":4},"end":{"line":583,"column":5}},"208":{"start":{"line":577,"column":6},"end":{"line":577,"column":70}},"209":{"start":{"line":578,"column":6},"end":{"line":580,"column":9}},"210":{"start":{"line":579,"column":8},"end":{"line":579,"column":81}},"211":{"start":{"line":581,"column":6},"end":{"line":581,"column":75}},"212":{"start":{"line":582,"column":6},"end":{"line":582,"column":43}},"213":{"start":{"line":585,"column":4},"end":{"line":585,"column":39}},"214":{"start":{"line":586,"column":4},"end":{"line":586,"column":41}},"215":{"start":{"line":587,"column":4},"end":{"line":587,"column":39}},"216":{"start":{"line":590,"column":4},"end":{"line":599,"column":5}},"217":{"start":{"line":591,"column":6},"end":{"line":591,"column":42}},"218":{"start":{"line":592,"column":6},"end":{"line":592,"column":79}},"219":{"start":{"line":593,"column":6},"end":{"line":593,"column":82}},"220":{"start":{"line":594,"column":6},"end":{"line":594,"column":88}},"221":{"start":{"line":595,"column":6},"end":{"line":595,"column":39}},"222":{"start":{"line":596,"column":6},"end":{"line":598,"column":9}},"223":{"start":{"line":597,"column":8},"end":{"line":597,"column":86}},"224":{"start":{"line":601,"column":4},"end":{"line":601,"column":21}},"225":{"start":{"line":612,"column":4},"end":{"line":614,"column":5}},"226":{"start":{"line":613,"column":6},"end":{"line":613,"column":47}},"227":{"start":{"line":616,"column":22},"end":{"line":616,"column":71}},"228":{"start":{"line":616,"column":45},"end":{"line":616,"column":59}},"229":{"start":{"line":618,"column":4},"end":{"line":622,"column":5}},"230":{"start":{"line":619,"column":6},"end":{"line":619,"column":77}},"231":{"start":{"line":621,"column":6},"end":{"line":621,"column":87}},"232":{"start":{"line":634,"column":4},"end":{"line":634,"column":68}},"233":{"start":{"line":634,"column":40},"end":{"line":634,"column":66}},"234":{"start":{"line":641,"column":4},"end":{"line":641,"column":42}},"235":{"start":{"line":641,"column":22},"end":{"line":641,"column":42}},"236":{"start":{"line":642,"column":4},"end":{"line":642,"column":70}},"237":{"start":{"line":642,"column":29},"end":{"line":642,"column":70}},"238":{"start":{"line":643,"column":4},"end":{"line":643,"column":54}},"239":{"start":{"line":51,"column":0},"end":{"line":51,"column":13}}},"fnMap":{"0":{"name":"(anonymous_9)","decl":{"start":{"line":58,"column":2},"end":{"line":58,"column":null}},"loc":{"start":{"line":58,"column":2},"end":{"line":68,"column":3}}},"1":{"name":"(anonymous_10)","decl":{"start":{"line":74,"column":2},"end":{"line":74,"column":7}},"loc":{"start":{"line":78,"column":3},"end":{"line":181,"column":3}}},"2":{"name":"(anonymous_11)","decl":{"start":{"line":111,"column":26},"end":{"line":111,"column":27}},"loc":{"start":{"line":111,"column":60},"end":{"line":114,"column":5}}},"3":{"name":"(anonymous_12)","decl":{"start":{"line":113,"column":34},"end":{"line":113,"column":41}},"loc":{"start":{"line":113,"column":45},"end":{"line":113,"column":77}}},"4":{"name":"(anonymous_13)","decl":{"start":{"line":116,"column":25},"end":{"line":116,"column":30}},"loc":{"start":{"line":116,"column":92},"end":{"line":162,"column":5}}},"5":{"name":"(anonymous_14)","decl":{"start":{"line":187,"column":2},"end":{"line":187,"column":7}},"loc":{"start":{"line":187,"column":25},"end":{"line":198,"column":3}}},"6":{"name":"(anonymous_15)","decl":{"start":{"line":204,"column":2},"end":{"line":204,"column":30}},"loc":{"start":{"line":204,"column":57},"end":{"line":240,"column":3}}},"7":{"name":"(anonymous_16)","decl":{"start":{"line":213,"column":12},"end":{"line":213,"column":13}},"loc":{"start":{"line":213,"column":22},"end":{"line":213,"column":33}}},"8":{"name":"(anonymous_17)","decl":{"start":{"line":215,"column":11},"end":{"line":215,"column":12}},"loc":{"start":{"line":215,"column":29},"end":{"line":215,"column":59}}},"9":{"name":"(anonymous_18)","decl":{"start":{"line":220,"column":11},"end":{"line":220,"column":14}},"loc":{"start":{"line":220,"column":18},"end":{"line":220,"column":40}}},"10":{"name":"(anonymous_19)","decl":{"start":{"line":225,"column":11},"end":{"line":225,"column":15}},"loc":{"start":{"line":225,"column":19},"end":{"line":225,"column":32}}},"11":{"name":"(anonymous_20)","decl":{"start":{"line":246,"column":2},"end":{"line":246,"column":7}},"loc":{"start":{"line":253,"column":5},"end":{"line":316,"column":3}}},"12":{"name":"(anonymous_21)","decl":{"start":{"line":262,"column":54},"end":{"line":262,"column":59}},"loc":{"start":{"line":262,"column":63},"end":{"line":262,"column":79}}},"13":{"name":"(anonymous_22)","decl":{"start":{"line":270,"column":46},"end":{"line":270,"column":50}},"loc":{"start":{"line":270,"column":53},"end":{"line":273,"column":5}}},"14":{"name":"(anonymous_23)","decl":{"start":{"line":293,"column":39},"end":{"line":293,"column":46}},"loc":{"start":{"line":293,"column":49},"end":{"line":302,"column":5}}},"15":{"name":"(anonymous_24)","decl":{"start":{"line":294,"column":42},"end":{"line":294,"column":43}},"loc":{"start":{"line":295,"column":8},"end":{"line":295,"column":68}}},"16":{"name":"(anonymous_25)","decl":{"start":{"line":300,"column":39},"end":{"line":300,"column":40}},"loc":{"start":{"line":300,"column":44},"end":{"line":300,"column":58}}},"17":{"name":"(anonymous_26)","decl":{"start":{"line":322,"column":10},"end":{"line":322,"column":30}},"loc":{"start":{"line":322,"column":44},"end":{"line":373,"column":3}}},"18":{"name":"(anonymous_27)","decl":{"start":{"line":372,"column":46},"end":{"line":372,"column":47}},"loc":{"start":{"line":372,"column":51},"end":{"line":372,"column":63}}},"19":{"name":"(anonymous_28)","decl":{"start":{"line":378,"column":10},"end":{"line":378,"column":15}},"loc":{"start":{"line":380,"column":37},"end":{"line":479,"column":3}}},"20":{"name":"(anonymous_29)","decl":{"start":{"line":458,"column":19},"end":{"line":458,"column":20}},"loc":{"start":{"line":458,"column":28},"end":{"line":465,"column":7}}},"21":{"name":"(anonymous_30)","decl":{"start":{"line":475,"column":26},"end":{"line":475,"column":27}},"loc":{"start":{"line":475,"column":31},"end":{"line":475,"column":42}}},"22":{"name":"(anonymous_31)","decl":{"start":{"line":484,"column":10},"end":{"line":484,"column":15}},"loc":{"start":{"line":484,"column":55},"end":{"line":523,"column":3}}},"23":{"name":"(anonymous_32)","decl":{"start":{"line":529,"column":2},"end":{"line":529,"column":21}},"loc":{"start":{"line":531,"column":32},"end":{"line":602,"column":3}}},"24":{"name":"(anonymous_33)","decl":{"start":{"line":543,"column":35},"end":{"line":543,"column":36}},"loc":{"start":{"line":543,"column":51},"end":{"line":572,"column":7}}},"25":{"name":"(anonymous_34)","decl":{"start":{"line":578,"column":38},"end":{"line":578,"column":42}},"loc":{"start":{"line":578,"column":45},"end":{"line":580,"column":7}}},"26":{"name":"(anonymous_35)","decl":{"start":{"line":596,"column":47},"end":{"line":596,"column":53}},"loc":{"start":{"line":596,"column":56},"end":{"line":598,"column":7}}},"27":{"name":"(anonymous_36)","decl":{"start":{"line":608,"column":2},"end":{"line":608,"column":28}},"loc":{"start":{"line":610,"column":34},"end":{"line":623,"column":3}}},"28":{"name":"(anonymous_37)","decl":{"start":{"line":616,"column":40},"end":{"line":616,"column":41}},"loc":{"start":{"line":616,"column":45},"end":{"line":616,"column":59}}},"29":{"name":"(anonymous_38)","decl":{"start":{"line":629,"column":2},"end":{"line":629,"column":22}},"loc":{"start":{"line":631,"column":39},"end":{"line":635,"column":3}}},"30":{"name":"(anonymous_39)","decl":{"start":{"line":634,"column":32},"end":{"line":634,"column":36}},"loc":{"start":{"line":634,"column":40},"end":{"line":634,"column":66}}},"31":{"name":"(anonymous_40)","decl":{"start":{"line":640,"column":10},"end":{"line":640,"column":20}},"loc":{"start":{"line":640,"column":34},"end":{"line":644,"column":3}}}},"branchMap":{"0":{"loc":{"start":{"line":61,"column":4},"end":{"line":63,"column":5}},"type":"if","locations":[{"start":{"line":61,"column":4},"end":{"line":63,"column":5}},{"start":{},"end":{}}]},"1":{"loc":{"start":{"line":61,"column":8},"end":{"line":61,"column":55}},"type":"binary-expr","locations":[{"start":{"line":61,"column":8},"end":{"line":61,"column":24}},{"start":{"line":61,"column":28},"end":{"line":61,"column":55}}]},"2":{"loc":{"start":{"line":79,"column":4},"end":{"line":81,"column":5}},"type":"if","locations":[{"start":{"line":79,"column":4},"end":{"line":81,"column":5}},{"start":{},"end":{}}]},"3":{"loc":{"start":{"line":83,"column":26},"end":{"line":83,"column":57}},"type":"binary-expr","locations":[{"start":{"line":83,"column":26},"end":{"line":83,"column":48}},{"start":{"line":83,"column":52},"end":{"line":83,"column":57}}]},"4":{"loc":{"start":{"line":84,"column":28},"end":{"line":97,"column":6}},"type":"binary-expr","locations":[{"start":{"line":84,"column":28},"end":{"line":84,"column":52}},{"start":{"line":84,"column":56},"end":{"line":97,"column":6}}]},"5":{"loc":{"start":{"line":116,"column":49},"end":{"line":116,"column":73}},"type":"default-arg","locations":[{"start":{"line":116,"column":71},"end":{"line":116,"column":73}}]},"6":{"loc":{"start":{"line":121,"column":10},"end":{"line":123,"column":11}},"type":"if","locations":[{"start":{"line":121,"column":10},"end":{"line":123,"column":11}},{"start":{},"end":{}}]},"7":{"loc":{"start":{"line":121,"column":14},"end":{"line":121,"column":58}},"type":"binary-expr","locations":[{"start":{"line":121,"column":14},"end":{"line":121,"column":28}},{"start":{"line":121,"column":32},"end":{"line":121,"column":58}}]},"8":{"loc":{"start":{"line":126,"column":31},"end":{"line":126,"column":92}},"type":"cond-expr","locations":[{"start":{"line":126,"column":45},"end":{"line":126,"column":79}},{"start":{"line":126,"column":82},"end":{"line":126,"column":92}}]},"9":{"loc":{"start":{"line":128,"column":10},"end":{"line":130,"column":11}},"type":"if","locations":[{"start":{"line":128,"column":10},"end":{"line":130,"column":11}},{"start":{},"end":{}}]},"10":{"loc":{"start":{"line":132,"column":10},"end":{"line":157,"column":11}},"type":"if","locations":[{"start":{"line":132,"column":10},"end":{"line":157,"column":11}},{"start":{"line":136,"column":17},"end":{"line":157,"column":11}}]},"11":{"loc":{"start":{"line":134,"column":34},"end":{"line":134,"column":59}},"type":"binary-expr","locations":[{"start":{"line":134,"column":34},"end":{"line":134,"column":45}},{"start":{"line":134,"column":49},"end":{"line":134,"column":59}}]},"12":{"loc":{"start":{"line":136,"column":17},"end":{"line":157,"column":11}},"type":"if","locations":[{"start":{"line":136,"column":17},"end":{"line":157,"column":11}},{"start":{},"end":{}}]},"13":{"loc":{"start":{"line":139,"column":26},"end":{"line":139,"column":70}},"type":"binary-expr","locations":[{"start":{"line":139,"column":26},"end":{"line":139,"column":50}},{"start":{"line":139,"column":54},"end":{"line":139,"column":70}}]},"14":{"loc":{"start":{"line":145,"column":27},"end":{"line":145,"column":45}},"type":"binary-expr","locations":[{"start":{"line":145,"column":27},"end":{"line":145,"column":38}},{"start":{"line":145,"column":42},"end":{"line":145,"column":45}}]},"15":{"loc":{"start":{"line":148,"column":34},"end":{"line":148,"column":57}},"type":"binary-expr","locations":[{"start":{"line":148,"column":34},"end":{"line":148,"column":52}},{"start":{"line":148,"column":56},"end":{"line":148,"column":57}}]},"16":{"loc":{"start":{"line":150,"column":14},"end":{"line":152,"column":15}},"type":"if","locations":[{"start":{"line":150,"column":14},"end":{"line":152,"column":15}},{"start":{},"end":{}}]},"17":{"loc":{"start":{"line":189,"column":4},"end":{"line":194,"column":5}},"type":"if","locations":[{"start":{"line":189,"column":4},"end":{"line":194,"column":5}},{"start":{},"end":{}}]},"18":{"loc":{"start":{"line":191,"column":6},"end":{"line":193,"column":7}},"type":"if","locations":[{"start":{"line":191,"column":6},"end":{"line":193,"column":7}},{"start":{},"end":{}}]},"19":{"loc":{"start":{"line":205,"column":16},"end":{"line":205,"column":44}},"type":"binary-expr","locations":[{"start":{"line":205,"column":16},"end":{"line":205,"column":21}},{"start":{"line":205,"column":25},"end":{"line":205,"column":44}}]},"20":{"loc":{"start":{"line":206,"column":4},"end":{"line":208,"column":5}},"type":"if","locations":[{"start":{"line":206,"column":4},"end":{"line":208,"column":5}},{"start":{},"end":{}}]},"21":{"loc":{"start":{"line":220,"column":25},"end":{"line":220,"column":38}},"type":"binary-expr","locations":[{"start":{"line":220,"column":25},"end":{"line":220,"column":28}},{"start":{"line":220,"column":32},"end":{"line":220,"column":38}}]},"22":{"loc":{"start":{"line":256,"column":27},"end":{"line":256,"column":58}},"type":"binary-expr","locations":[{"start":{"line":256,"column":27},"end":{"line":256,"column":50}},{"start":{"line":256,"column":54},"end":{"line":256,"column":58}}]},"23":{"loc":{"start":{"line":257,"column":21},"end":{"line":257,"column":44}},"type":"binary-expr","locations":[{"start":{"line":257,"column":21},"end":{"line":257,"column":38}},{"start":{"line":257,"column":42},"end":{"line":257,"column":44}}]},"24":{"loc":{"start":{"line":258,"column":32},"end":{"line":258,"column":72}},"type":"binary-expr","locations":[{"start":{"line":258,"column":32},"end":{"line":258,"column":60}},{"start":{"line":258,"column":64},"end":{"line":258,"column":72}}]},"25":{"loc":{"start":{"line":280,"column":6},"end":{"line":284,"column":7}},"type":"if","locations":[{"start":{"line":280,"column":6},"end":{"line":284,"column":7}},{"start":{"line":282,"column":13},"end":{"line":284,"column":7}}]},"26":{"loc":{"start":{"line":288,"column":4},"end":{"line":290,"column":5}},"type":"if","locations":[{"start":{"line":288,"column":4},"end":{"line":290,"column":5}},{"start":{},"end":{}}]},"27":{"loc":{"start":{"line":288,"column":8},"end":{"line":288,"column":50}},"type":"binary-expr","locations":[{"start":{"line":288,"column":8},"end":{"line":288,"column":22}},{"start":{"line":288,"column":26},"end":{"line":288,"column":50}}]},"28":{"loc":{"start":{"line":295,"column":8},"end":{"line":295,"column":68}},"type":"binary-expr","locations":[{"start":{"line":295,"column":8},"end":{"line":295,"column":40}},{"start":{"line":295,"column":44},"end":{"line":295,"column":68}}]},"29":{"loc":{"start":{"line":340,"column":6},"end":{"line":342,"column":7}},"type":"if","locations":[{"start":{"line":340,"column":6},"end":{"line":342,"column":7}},{"start":{},"end":{}}]},"30":{"loc":{"start":{"line":366,"column":6},"end":{"line":368,"column":7}},"type":"if","locations":[{"start":{"line":366,"column":6},"end":{"line":368,"column":7}},{"start":{},"end":{}}]},"31":{"loc":{"start":{"line":382,"column":4},"end":{"line":384,"column":5}},"type":"if","locations":[{"start":{"line":382,"column":4},"end":{"line":384,"column":5}},{"start":{},"end":{}}]},"32":{"loc":{"start":{"line":386,"column":23},"end":{"line":386,"column":48}},"type":"binary-expr","locations":[{"start":{"line":386,"column":23},"end":{"line":386,"column":42}},{"start":{"line":386,"column":46},"end":{"line":386,"column":48}}]},"33":{"loc":{"start":{"line":395,"column":6},"end":{"line":398,"column":7}},"type":"if","locations":[{"start":{"line":395,"column":6},"end":{"line":398,"column":7}},{"start":{},"end":{}}]},"34":{"loc":{"start":{"line":413,"column":8},"end":{"line":433,"column":9}},"type":"if","locations":[{"start":{"line":413,"column":8},"end":{"line":433,"column":9}},{"start":{"line":418,"column":13},"end":{"line":433,"column":9}}]},"35":{"loc":{"start":{"line":413,"column":12},"end":{"line":413,"column":64}},"type":"binary-expr","locations":[{"start":{"line":413,"column":12},"end":{"line":413,"column":37}},{"start":{"line":413,"column":41},"end":{"line":413,"column":64}}]},"36":{"loc":{"start":{"line":418,"column":13},"end":{"line":433,"column":9}},"type":"if","locations":[{"start":{"line":418,"column":13},"end":{"line":433,"column":9}},{"start":{"line":423,"column":13},"end":{"line":433,"column":9}}]},"37":{"loc":{"start":{"line":418,"column":17},"end":{"line":418,"column":87}},"type":"binary-expr","locations":[{"start":{"line":418,"column":17},"end":{"line":418,"column":51}},{"start":{"line":418,"column":55},"end":{"line":418,"column":87}}]},"38":{"loc":{"start":{"line":423,"column":13},"end":{"line":433,"column":9}},"type":"if","locations":[{"start":{"line":423,"column":13},"end":{"line":433,"column":9}},{"start":{"line":428,"column":13},"end":{"line":433,"column":9}}]},"39":{"loc":{"start":{"line":428,"column":13},"end":{"line":433,"column":9}},"type":"if","locations":[{"start":{"line":428,"column":13},"end":{"line":433,"column":9}},{"start":{"line":431,"column":15},"end":{"line":433,"column":9}}]},"40":{"loc":{"start":{"line":461,"column":8},"end":{"line":461,"column":44}},"type":"if","locations":[{"start":{"line":461,"column":8},"end":{"line":461,"column":44}},{"start":{},"end":{}}]},"41":{"loc":{"start":{"line":486,"column":6},"end":{"line":488,"column":7}},"type":"if","locations":[{"start":{"line":486,"column":6},"end":{"line":488,"column":7}},{"start":{},"end":{}}]},"42":{"loc":{"start":{"line":486,"column":10},"end":{"line":486,"column":60}},"type":"binary-expr","locations":[{"start":{"line":486,"column":10},"end":{"line":486,"column":30}},{"start":{"line":486,"column":34},"end":{"line":486,"column":60}}]},"43":{"loc":{"start":{"line":493,"column":6},"end":{"line":499,"column":7}},"type":"if","locations":[{"start":{"line":493,"column":6},"end":{"line":499,"column":7}},{"start":{},"end":{}}]},"44":{"loc":{"start":{"line":495,"column":8},"end":{"line":498,"column":9}},"type":"if","locations":[{"start":{"line":495,"column":8},"end":{"line":498,"column":9}},{"start":{},"end":{}}]},"45":{"loc":{"start":{"line":504,"column":8},"end":{"line":507,"column":9}},"type":"if","locations":[{"start":{"line":504,"column":8},"end":{"line":507,"column":9}},{"start":{},"end":{}}]},"46":{"loc":{"start":{"line":533,"column":4},"end":{"line":535,"column":5}},"type":"if","locations":[{"start":{"line":533,"column":4},"end":{"line":535,"column":5}},{"start":{},"end":{}}]},"47":{"loc":{"start":{"line":533,"column":8},"end":{"line":533,"column":81}},"type":"binary-expr","locations":[{"start":{"line":533,"column":8},"end":{"line":533,"column":41}},{"start":{"line":533,"column":45},"end":{"line":533,"column":81}}]},"48":{"loc":{"start":{"line":542,"column":4},"end":{"line":573,"column":5}},"type":"if","locations":[{"start":{"line":542,"column":4},"end":{"line":573,"column":5}},{"start":{},"end":{}}]},"49":{"loc":{"start":{"line":547,"column":8},"end":{"line":554,"column":9}},"type":"if","locations":[{"start":{"line":547,"column":8},"end":{"line":554,"column":9}},{"start":{},"end":{}}]},"50":{"loc":{"start":{"line":548,"column":10},"end":{"line":550,"column":11}},"type":"if","locations":[{"start":{"line":548,"column":10},"end":{"line":550,"column":11}},{"start":{},"end":{}}]},"51":{"loc":{"start":{"line":551,"column":10},"end":{"line":553,"column":11}},"type":"if","locations":[{"start":{"line":551,"column":10},"end":{"line":553,"column":11}},{"start":{},"end":{}}]},"52":{"loc":{"start":{"line":556,"column":8},"end":{"line":569,"column":9}},"type":"if","locations":[{"start":{"line":556,"column":8},"end":{"line":569,"column":9}},{"start":{},"end":{}}]},"53":{"loc":{"start":{"line":561,"column":10},"end":{"line":566,"column":11}},"type":"if","locations":[{"start":{"line":561,"column":10},"end":{"line":566,"column":11}},{"start":{"line":564,"column":17},"end":{"line":566,"column":11}}]},"54":{"loc":{"start":{"line":576,"column":4},"end":{"line":583,"column":5}},"type":"if","locations":[{"start":{"line":576,"column":4},"end":{"line":583,"column":5}},{"start":{},"end":{}}]},"55":{"loc":{"start":{"line":590,"column":4},"end":{"line":599,"column":5}},"type":"if","locations":[{"start":{"line":590,"column":4},"end":{"line":599,"column":5}},{"start":{},"end":{}}]},"56":{"loc":{"start":{"line":612,"column":4},"end":{"line":614,"column":5}},"type":"if","locations":[{"start":{"line":612,"column":4},"end":{"line":614,"column":5}},{"start":{},"end":{}}]},"57":{"loc":{"start":{"line":618,"column":4},"end":{"line":622,"column":5}},"type":"if","locations":[{"start":{"line":618,"column":4},"end":{"line":622,"column":5}},{"start":{"line":620,"column":11},"end":{"line":622,"column":5}}]},"58":{"loc":{"start":{"line":641,"column":4},"end":{"line":641,"column":42}},"type":"if","locations":[{"start":{"line":641,"column":4},"end":{"line":641,"column":42}},{"start":{},"end":{}}]},"59":{"loc":{"start":{"line":642,"column":4},"end":{"line":642,"column":70}},"type":"if","locations":[{"start":{"line":642,"column":4},"end":{"line":642,"column":70}},{"start":{},"end":{}}]}},"s":{"0":1,"1":1,"2":1,"3":31,"4":31,"5":31,"6":31,"7":29,"8":31,"9":31,"10":16,"11":1,"12":15,"13":15,"14":15,"15":15,"16":15,"17":15,"18":15,"19":15,"20":35,"21":35,"22":398,"23":15,"24":18,"25":18,"26":17,"27":36,"28":1,"29":35,"30":35,"31":35,"32":1,"33":34,"34":3,"35":3,"36":3,"37":31,"38":31,"39":31,"40":31,"41":31,"42":31,"43":31,"44":30,"45":0,"46":1,"47":15,"48":15,"49":15,"50":15,"51":16,"52":11,"53":11,"54":11,"55":5,"56":2,"57":2,"58":1,"59":1,"60":1,"61":1,"62":2,"63":1,"64":1,"65":1,"66":2,"67":1,"68":14,"69":14,"70":14,"71":14,"72":14,"73":14,"74":30,"75":14,"76":14,"77":14,"78":14,"79":7,"80":7,"81":14,"82":14,"83":14,"84":7,"85":7,"86":0,"87":14,"88":6,"89":14,"90":12,"91":7,"92":12,"93":7,"94":14,"95":14,"96":14,"97":14,"98":14,"99":1,"100":14,"101":14,"102":14,"103":30,"104":30,"105":11,"106":14,"107":14,"108":84,"109":5,"110":14,"111":14,"112":12,"113":0,"114":14,"115":17,"116":14,"117":0,"118":14,"119":14,"120":14,"121":14,"122":12,"123":12,"124":2,"125":2,"126":10,"127":10,"128":10,"129":10,"130":5,"131":5,"132":5,"133":5,"134":5,"135":5,"136":5,"137":0,"138":0,"139":0,"140":0,"141":0,"142":0,"143":0,"144":0,"145":0,"146":0,"147":5,"148":5,"149":5,"150":5,"151":0,"152":10,"153":0,"154":0,"155":0,"156":0,"157":0,"158":0,"159":10,"160":10,"161":14,"162":7,"163":14,"164":6,"165":6,"166":2,"167":4,"168":4,"169":4,"170":0,"171":0,"172":0,"173":0,"174":4,"175":4,"176":4,"177":0,"178":0,"179":4,"180":3,"181":3,"182":1,"183":6,"184":5,"185":1,"186":4,"187":4,"188":4,"189":4,"190":3,"191":3,"192":3,"193":3,"194":2,"195":2,"196":2,"197":2,"198":3,"199":2,"200":2,"201":2,"202":1,"203":1,"204":1,"205":2,"206":3,"207":4,"208":1,"209":1,"210":2,"211":1,"212":1,"213":4,"214":4,"215":4,"216":4,"217":1,"218":1,"219":1,"220":1,"221":1,"222":1,"223":1,"224":4,"225":3,"226":1,"227":2,"228":3,"229":2,"230":1,"231":1,"232":1,"233":3,"234":2,"235":1,"236":1,"237":1,"238":0,"239":1},"f":{"0":31,"1":16,"2":35,"3":398,"4":18,"5":16,"6":2,"7":1,"8":2,"9":1,"10":2,"11":14,"12":30,"13":7,"14":12,"15":7,"16":7,"17":14,"18":17,"19":14,"20":0,"21":7,"22":6,"23":5,"24":3,"25":2,"26":1,"27":3,"28":3,"29":1,"30":3,"31":2},"b":{"0":[29,2],"1":[31,29],"2":[1,15],"3":[15,15],"4":[15,14],"5":[15],"6":[1,35],"7":[36,36],"8":[1,34],"9":[1,34],"10":[3,31],"11":[3,3],"12":[31,0],"13":[31,0],"14":[31,30],"15":[31,12],"16":[30,1],"17":[11,5],"18":[11,0],"19":[2,2],"20":[1,1],"21":[1,0],"22":[14,3],"23":[14,11],"24":[14,12],"25":[7,0],"26":[6,8],"27":[14,7],"28":[7,0],"29":[11,19],"30":[0,12],"31":[0,14],"32":[14,0],"33":[2,10],"34":[5,0],"35":[5,0],"36":[0,0],"37":[0,0],"38":[0,0],"39":[0,0],"40":[0,0],"41":[2,4],"42":[6,6],"43":[0,4],"44":[0,0],"45":[0,4],"46":[1,4],"47":[5,2],"48":[3,1],"49":[2,1],"50":[2,0],"51":[2,0],"52":[2,1],"53":[1,1],"54":[1,3],"55":[1,3],"56":[1,2],"57":[1,1],"58":[1,1],"59":[1,0]}}
}
