TN:
SF:src/utils/fileManager.ts
FN:58,(anonymous_9)
FN:74,(anonymous_10)
FN:111,(anonymous_11)
FN:113,(anonymous_12)
FN:116,(anonymous_13)
FN:187,(anonymous_14)
FN:204,(anonymous_15)
FN:213,(anonymous_16)
FN:215,(anonymous_17)
FN:220,(anonymous_18)
FN:225,(anonymous_19)
FN:246,(anonymous_20)
FN:262,(anonymous_21)
FN:270,(anonymous_22)
FN:293,(anonymous_23)
FN:294,(anonymous_24)
FN:300,(anonymous_25)
FN:322,(anonymous_26)
FN:372,(anonymous_27)
FN:378,(anonymous_28)
FN:458,(anonymous_29)
FN:475,(anonymous_30)
FN:484,(anonymous_31)
FN:529,(anonymous_32)
FN:543,(anonymous_33)
FN:578,(anonymous_34)
FN:596,(anonymous_35)
FN:608,(anonymous_36)
FN:616,(anonymous_37)
FN:629,(anonymous_38)
FN:634,(anonymous_39)
FN:640,(anonymous_40)
FNF:32
FNH:31
FNDA:31,(anonymous_9)
FNDA:16,(anonymous_10)
FNDA:35,(anonymous_11)
FNDA:398,(anonymous_12)
FNDA:18,(anonymous_13)
FNDA:16,(anonymous_14)
FNDA:2,(anonymous_15)
FNDA:1,(anonymous_16)
FNDA:2,(anonymous_17)
FNDA:1,(anonymous_18)
FNDA:2,(anonymous_19)
FNDA:14,(anonymous_20)
FNDA:30,(anonymous_21)
FNDA:7,(anonymous_22)
FNDA:12,(anonymous_23)
FNDA:7,(anonymous_24)
FNDA:7,(anonymous_25)
FNDA:14,(anonymous_26)
FNDA:17,(anonymous_27)
FNDA:14,(anonymous_28)
FNDA:0,(anonymous_29)
FNDA:7,(anonymous_30)
FNDA:6,(anonymous_31)
FNDA:5,(anonymous_32)
FNDA:3,(anonymous_33)
FNDA:2,(anonymous_34)
FNDA:1,(anonymous_35)
FNDA:3,(anonymous_36)
FNDA:3,(anonymous_37)
FNDA:1,(anonymous_38)
FNDA:3,(anonymous_39)
FNDA:2,(anonymous_40)
DA:2,1
DA:3,1
DA:4,1
DA:51,1
DA:55,31
DA:56,31
DA:60,31
DA:61,31
DA:62,29
DA:66,31
DA:67,31
DA:79,16
DA:80,1
DA:83,15
DA:84,15
DA:104,15
DA:106,15
DA:107,15
DA:108,15
DA:109,15
DA:111,15
DA:112,35
DA:113,398
DA:116,15
DA:117,18
DA:118,18
DA:120,17
DA:121,36
DA:122,1
DA:125,35
DA:126,35
DA:128,35
DA:129,1
DA:132,34
DA:133,3
DA:134,3
DA:135,3
DA:136,31
DA:137,31
DA:138,31
DA:139,31
DA:141,31
DA:148,31
DA:150,31
DA:151,30
DA:155,0
DA:160,1
DA:164,15
DA:167,15
DA:169,15
DA:180,15
DA:189,16
DA:190,11
DA:191,11
DA:192,11
DA:197,5
DA:205,2
DA:206,2
DA:207,1
DA:210,1
DA:212,1
DA:213,1
DA:215,2
DA:218,1
DA:220,1
DA:223,1
DA:225,2
DA:228,1
DA:255,14
DA:256,14
DA:257,14
DA:258,14
DA:261,14
DA:262,30
DA:265,14
DA:268,14
DA:269,14
DA:270,14
DA:271,7
DA:272,7
DA:276,14
DA:277,14
DA:279,14
DA:280,7
DA:281,7
DA:283,0
DA:288,14
DA:289,6
DA:293,14
DA:294,12
DA:295,7
DA:297,12
DA:300,7
DA:304,14
DA:306,14
DA:323,14
DA:326,14
DA:328,14
DA:329,1
DA:333,14
DA:334,14
DA:336,14
DA:338,30
DA:340,30
DA:341,11
DA:346,14
DA:355,14
DA:357,84
DA:358,5
DA:363,14
DA:364,14
DA:366,12
DA:367,0
DA:372,17
DA:382,14
DA:383,0
DA:386,14
DA:387,14
DA:390,14
DA:392,14
DA:394,12
DA:395,12
DA:396,2
DA:397,2
DA:400,10
DA:401,10
DA:402,10
DA:405,10
DA:406,5
DA:407,5
DA:409,5
DA:410,5
DA:413,5
DA:414,5
DA:415,5
DA:418,0
DA:419,0
DA:420,0
DA:423,0
DA:424,0
DA:425,0
DA:428,0
DA:429,0
DA:430,0
DA:432,0
DA:435,5
DA:436,5
DA:437,5
DA:439,5
DA:453,0
DA:458,10
DA:459,0
DA:460,0
DA:461,0
DA:463,0
DA:464,0
DA:468,10
DA:470,10
DA:474,14
DA:475,7
DA:478,14
DA:485,6
DA:486,6
DA:487,2
DA:491,4
DA:492,4
DA:493,4
DA:494,0
DA:495,0
DA:496,0
DA:497,0
DA:501,4
DA:503,4
DA:504,4
DA:505,0
DA:506,0
DA:509,4
DA:510,3
DA:513,3
DA:518,1
DA:522,6
DA:533,5
DA:534,1
DA:537,4
DA:538,4
DA:539,4
DA:542,4
DA:543,3
DA:544,3
DA:545,3
DA:547,3
DA:548,2
DA:549,2
DA:551,2
DA:552,2
DA:556,3
DA:557,2
DA:560,2
DA:561,2
DA:562,1
DA:563,1
DA:565,1
DA:568,2
DA:571,3
DA:576,4
DA:577,1
DA:578,1
DA:579,2
DA:581,1
DA:582,1
DA:585,4
DA:586,4
DA:587,4
DA:590,4
DA:591,1
DA:592,1
DA:593,1
DA:594,1
DA:595,1
DA:596,1
DA:597,1
DA:601,4
DA:612,3
DA:613,1
DA:616,3
DA:618,2
DA:619,1
DA:621,1
DA:634,3
DA:641,2
DA:642,1
DA:643,0
LF:232
LH:205
BRDA:61,0,0,29
BRDA:61,0,1,2
BRDA:61,1,0,31
BRDA:61,1,1,29
BRDA:79,2,0,1
BRDA:79,2,1,15
BRDA:83,3,0,15
BRDA:83,3,1,15
BRDA:84,4,0,15
BRDA:84,4,1,14
BRDA:116,5,0,15
BRDA:121,6,0,1
BRDA:121,6,1,35
BRDA:121,7,0,36
BRDA:121,7,1,36
BRDA:126,8,0,1
BRDA:126,8,1,34
BRDA:128,9,0,1
BRDA:128,9,1,34
BRDA:132,10,0,3
BRDA:132,10,1,31
BRDA:134,11,0,3
BRDA:134,11,1,3
BRDA:136,12,0,31
BRDA:136,12,1,0
BRDA:139,13,0,31
BRDA:139,13,1,0
BRDA:145,14,0,31
BRDA:145,14,1,30
BRDA:148,15,0,31
BRDA:148,15,1,12
BRDA:150,16,0,30
BRDA:150,16,1,1
BRDA:189,17,0,11
BRDA:189,17,1,5
BRDA:191,18,0,11
BRDA:191,18,1,0
BRDA:205,19,0,2
BRDA:205,19,1,2
BRDA:206,20,0,1
BRDA:206,20,1,1
BRDA:220,21,0,1
BRDA:220,21,1,0
BRDA:256,22,0,14
BRDA:256,22,1,3
BRDA:257,23,0,14
BRDA:257,23,1,11
BRDA:258,24,0,14
BRDA:258,24,1,12
BRDA:280,25,0,7
BRDA:280,25,1,0
BRDA:288,26,0,6
BRDA:288,26,1,8
BRDA:288,27,0,14
BRDA:288,27,1,7
BRDA:295,28,0,7
BRDA:295,28,1,0
BRDA:340,29,0,11
BRDA:340,29,1,19
BRDA:366,30,0,0
BRDA:366,30,1,12
BRDA:382,31,0,0
BRDA:382,31,1,14
BRDA:386,32,0,14
BRDA:386,32,1,0
BRDA:395,33,0,2
BRDA:395,33,1,10
BRDA:413,34,0,5
BRDA:413,34,1,0
BRDA:413,35,0,5
BRDA:413,35,1,0
BRDA:418,36,0,0
BRDA:418,36,1,0
BRDA:418,37,0,0
BRDA:418,37,1,0
BRDA:423,38,0,0
BRDA:423,38,1,0
BRDA:428,39,0,0
BRDA:428,39,1,0
BRDA:461,40,0,0
BRDA:461,40,1,0
BRDA:486,41,0,2
BRDA:486,41,1,4
BRDA:486,42,0,6
BRDA:486,42,1,6
BRDA:493,43,0,0
BRDA:493,43,1,4
BRDA:495,44,0,0
BRDA:495,44,1,0
BRDA:504,45,0,0
BRDA:504,45,1,4
BRDA:533,46,0,1
BRDA:533,46,1,4
BRDA:533,47,0,5
BRDA:533,47,1,2
BRDA:542,48,0,3
BRDA:542,48,1,1
BRDA:547,49,0,2
BRDA:547,49,1,1
BRDA:548,50,0,2
BRDA:548,50,1,0
BRDA:551,51,0,2
BRDA:551,51,1,0
BRDA:556,52,0,2
BRDA:556,52,1,1
BRDA:561,53,0,1
BRDA:561,53,1,1
BRDA:576,54,0,1
BRDA:576,54,1,3
BRDA:590,55,0,1
BRDA:590,55,1,3
BRDA:612,56,0,1
BRDA:612,56,1,2
BRDA:618,57,0,1
BRDA:618,57,1,1
BRDA:641,58,0,1
BRDA:641,58,1,1
BRDA:642,59,0,1
BRDA:642,59,1,0
BRF:119
BRH:91
end_of_record
